<?xml version="1.0" encoding="UTF-8"?>
<!-- Generated by org.testng.reporters.JUnitReportReporter -->
<testsuite hostname="SHUBHANKAR-PC" name="launchURL.InvokeApp" tests="1" failures="0" timestamp="13 Apr 2019 05:44:06 GMT" time="12.147" errors="0">
  <testcase name="TestJenkins" time="12.147" classname="launchURL.InvokeApp"/>
</testsuite> <!-- launchURL.InvokeApp -->
